This is pdfTeX, Version 3.1415926-1.40.11 (TeX Live 2010) (format=pdflatex 2012.6.18)  14 DEC 2013 15:40
entering extended mode
 restricted \write18 enabled.
 %&-line parsing enabled.
**iist
(/usr/share/texlive/texmf-dist/tex/latex/tools/x.tex
LaTeX2e <2009/09/24>
Babel <v3.8l> and hyphenation patterns for english, dumylang, nohyphenation, pi
nyin, polish, russian, ukrainian, welsh, ukenglish, usenglishmax, danish, slove
nian, italian, lithuanian, icelandic, spanish, dutch, interlingua, serbian, san
skrit, german-x-2009-06-19, ngerman-x-2009-06-19, galician, uppersorbian, esper
anto, swedish, catalan, irish, lao, turkmen, latvian, bulgarian, arabic, kurman
ji, slovak, croatian, finnish, mongolian, mongolianlmc, french, armenian, basqu
e, german, ngerman, swissgerman, coptic, latin, estonian, bokmal, nynorsk, hung
arian, assamese, bengali, gujarati, hindi, kannada, malayalam, marathi, oriya, 
panjabi, tamil, telugu, ethiopic, monogreek, greek, czech, afrikaans, portugues
e, farsi, indonesian, romanian, ancientgreek, ibycus, turkish, loaded.

! .
l.34   \batchmode \errmessage{}
                               \csname @@end\endcsname \end
This error message was generated by an \errmessage
command, so I can't give any explicit help.
Pretend that you're Hercule Poirot: Examine all clues,
and deduce the truth by order and method.

 ) 
Here is how much of TeX's memory you used:
 7 strings out of 493763
 242 string characters out of 3147030
 47786 words of memory out of 3000000
 3404 multiletter control sequences out of 15000+200000
 3640 words of font info for 14 fonts, out of 3000000 for 9000
 715 hyphenation exceptions out of 8191
 5i,0n,1p,84b,8s stack positions out of 5000i,500n,10000p,200000b,50000s

No pages of output.
PDF statistics:
 0 PDF objects out of 1000 (max. 8388607)
 0 named destinations out of 1000 (max. 500000)
 1 words of extra memory for PDF output out of 10000 (max. 10000000)

